build/app/outputs/mapping/release/seeds.txt
com.example.complaint_staff_app.MainActivity
com.example.complaint_staff_app.MainActivity: MainActivity()
...
com.dexterous.flutterlocalnotifications.models.NotificationAction: java.lang.String ID
com.dexterous.flutterlocalnotifications.models.NotificationDetails: java.lang.String REPEAT_INTERVAL_MILLISECONDS
com.dexterous.flutterlocalnotifications.models.NotificationDetails: java.lang.String LARGE_ICON_BITMAP_SOURCE
android.support.v4.media.session.PlaybackStateCompat$CustomAction: android.os.Parcelable$Creator CREATOR
com.dexterous.flutterlocalnotifications.FlutterLocalNotificationsPlugin: java.lang.String PENDING_NOTIFICATION_REQUESTS_METHOD
com.dexterous.flutterlocalnotifications.models.NotificationDetails: com.dexterous.flutterlocalnotifications.models.Time repeatTime
com.dexterous.flutterlocalnotifications.models.styles.BigTextStyleInformation: java.lang.String bigText
com.dexterous.flutterlocalnotifications.models.NotificationDetails: java.lang.String channelName
com.dexterous.flutterlocalnotifications.FlutterLocalNotificationsPlugin: java.lang.String INVALID_SOUND_ERROR_CODE
com.google.android.gms.common.internal.zav: android.os.Parcelable$Creator CREATOR
com.dexterous.flutterlocalnotifications.FlutterLocalNotificationsPlugin: java.lang.String PAYLOAD
com.dexterous.flutterlocalnotifications.FlutterLocalNotificationsPlugin: java.lang.String INVALID_BIG_PICTURE_ERROR_CODE
com.dexterous.flutterlocalnotifications.FlutterLocalNotificationsPlugin: java.lang.String GET_CALLBACK_HANDLE_METHOD
com.dexterous.flutterlocalnotifications.models.NotificationDetails: java.lang.String CONVERSATION_TITLE
com.dexterous.flutterlocalnotifications.models.NotificationDetails: java.lang.Integer ledOnMs
com.dexterous.flutterlocalnotifications.models.NotificationAction: java.lang.Boolean allowGeneratedReplies
io.flutter.plugin.platform.SingleViewPresentation: android.content.Context outerContext
io.flutter.embedding.engine.renderer.FlutterRenderer$ImageReaderSurfaceProducer: boolean VERBOSE_LOGS
com.dexterous.flutterlocalnotifications.models.NotificationDetails: java.lang.String timeZoneName
com.dexterous.flutterlocalnotifications.models.NotificationDetails: java.lang.String HIDE_EXPANDED_LARGE_ICON
kotlinx.coroutines.DefaultExecutor: int debugStatus
kotlinx.coroutines.scheduling.CoroutineScheduler$Worker: int indexInArray
androidx.datastore.preferences.protobuf.GeneratedMessageLite: int MEMOIZED_SERIALIZED_SIZE_MASK
com.dexterous.flutterlocalnotifications.models.NotificationDetails: java.lang.String ICON
com.dexterous.flutterlocalnotifications.models.NotificationChannelGroupDetails: java.lang.String NAME
kotlinx.coroutines.UndispatchedCoroutine: boolean threadLocalIsSet
androidx.fragment.app.BackStackState: android.os.Parcelable$Creator CREATOR
com.dexterous.flutterlocalnotifications.models.NotificationDetails: java.lang.String LED_COLOR_GREEN
com.dexterous.flutterlocalnotifications.models.NotificationDetails: java.lang.String ADDITIONAL_FLAGS
com.dexterous.flutterlocalnotifications.models.BitmapSource: com.dexterous.flutterlocalnotifications.models.BitmapSource ByteArray
com.dexterous.flutterlocalnotifications.ScheduledNotificationReceiver: java.lang.String TAG
com.dexterous.flutterlocalnotifications.models.NotificationDetails: java.lang.Boolean showProgress
kotlinx.coroutines.internal.LockFreeTaskQueueCore: java.lang.Object _next
androidx.datastore.preferences.PreferencesProto$PreferenceMap: int PREFERENCES_FIELD_NUMBER
com.dexterous.flutterlocalnotifications.models.NotificationDetails: java.lang.String NAME
io.flutter.plugin.editing.ImeSyncDeferringInsetsCallback: boolean animating
com.dexterous.flutterlocalnotifications.models.NotificationChannelDetails: java.lang.Integer importance
com.dexterous.flutterlocalnotifications.FlutterLocalNotificationsPlugin: java.lang.String STOP_FOREGROUND_SERVICE
androidx.lifecycle.Lifecycle$Event: androidx.lifecycle.Lifecycle$Event ON_CREATE
com.dexterous.flutterlocalnotifications.models.NotificationChannelDetails: java.lang.String SHOW_BADGE